{"/Users/connor/aixperts/charactergen-api/cdk/charactergen-api-stack.ts": {"path":"/Users/connor/aixperts/charactergen-api/cdk/charactergen-api-stack.ts","statementMap":{"0":{"start":{"line":1,"column":0},"end":{"line":1,"column":48}},"1":{"start":{"line":2,"column":0},"end":{"line":2,"column":null}},"2":{"start":{"line":8,"column":0},"end":{"line":8,"column":51}},"3":{"start":{"line":9,"column":0},"end":{"line":9,"column":77}},"4":{"start":{"line":11,"column":0},"end":{"line":11,"column":70}},"5":{"start":{"line":13,"column":18},"end":{"line":13,"column":23}},"6":{"start":{"line":17,"column":4},"end":{"line":17,"column":28}},"7":{"start":{"line":19,"column":21},"end":{"line":34,"column":6}},"8":{"start":{"line":36,"column":23},"end":{"line":38,"column":6}},"9":{"start":{"line":40,"column":22},"end":{"line":50,"column":6}},"10":{"start":{"line":52,"column":16},"end":{"line":52,"column":56}},"11":{"start":{"line":53,"column":4},"end":{"line":53,"column":30}},"12":{"start":{"line":54,"column":18},"end":{"line":54,"column":46}},"13":{"start":{"line":55,"column":17},"end":{"line":55,"column":46}},"14":{"start":{"line":56,"column":23},"end":{"line":56,"column":56}},"15":{"start":{"line":57,"column":22},"end":{"line":57,"column":56}},"16":{"start":{"line":60,"column":28},"end":{"line":70,"column":6}},"17":{"start":{"line":72,"column":32},"end":{"line":72,"column":79}},"18":{"start":{"line":74,"column":4},"end":{"line":78,"column":7}},"19":{"start":{"line":81,"column":29},"end":{"line":91,"column":6}},"20":{"start":{"line":92,"column":33},"end":{"line":93,"column":null}},"21":{"start":{"line":96,"column":4},"end":{"line":100,"column":7}},"22":{"start":{"line":103,"column":27},"end":{"line":113,"column":6}},"23":{"start":{"line":114,"column":31},"end":{"line":114,"column":77}},"24":{"start":{"line":116,"column":4},"end":{"line":120,"column":7}},"25":{"start":{"line":123,"column":31},"end":{"line":133,"column":6}},"26":{"start":{"line":135,"column":35},"end":{"line":136,"column":null}},"27":{"start":{"line":139,"column":4},"end":{"line":141,"column":7}},"28":{"start":{"line":144,"column":30},"end":{"line":154,"column":6}},"29":{"start":{"line":156,"column":34},"end":{"line":157,"column":null}},"30":{"start":{"line":160,"column":4},"end":{"line":164,"column":7}},"31":{"start":{"line":167,"column":33},"end":{"line":177,"column":6}},"32":{"start":{"line":179,"column":37},"end":{"line":180,"column":null}},"33":{"start":{"line":183,"column":4},"end":{"line":187,"column":7}},"34":{"start":{"line":190,"column":32},"end":{"line":200,"column":6}},"35":{"start":{"line":202,"column":36},"end":{"line":203,"column":null}},"36":{"start":{"line":206,"column":4},"end":{"line":210,"column":7}},"37":{"start":{"line":213,"column":35},"end":{"line":226,"column":null}},"38":{"start":{"line":229,"column":39},"end":{"line":230,"column":null}},"39":{"start":{"line":233,"column":4},"end":{"line":237,"column":7}},"40":{"start":{"line":15,"column":0},"end":{"line":15,"column":13}}},"fnMap":{"0":{"name":"(anonymous_0)","decl":{"start":{"line":16,"column":2},"end":{"line":16,"column":14}},"loc":{"start":{"line":16,"column":62},"end":{"line":238,"column":3}}}},"branchMap":{},"s":{"0":0,"1":0,"2":0,"3":0,"4":0,"5":0,"6":0,"7":0,"8":0,"9":0,"10":0,"11":0,"12":0,"13":0,"14":0,"15":0,"16":0,"17":0,"18":0,"19":0,"20":0,"21":0,"22":0,"23":0,"24":0,"25":0,"26":0,"27":0,"28":0,"29":0,"30":0,"31":0,"32":0,"33":0,"34":0,"35":0,"36":0,"37":0,"38":0,"39":0,"40":0},"f":{"0":0},"b":{}}
,"/Users/connor/aixperts/charactergen-api/cdk/charactergen-api.ts": {"path":"/Users/connor/aixperts/charactergen-api/cdk/charactergen-api.ts","statementMap":{"0":{"start":{"line":2,"column":0},"end":{"line":2,"column":34}},"1":{"start":{"line":3,"column":0},"end":{"line":3,"column":64}},"2":{"start":{"line":5,"column":12},"end":{"line":5,"column":21}},"3":{"start":{"line":7,"column":0},"end":{"line":7,"column":58}}},"fnMap":{},"branchMap":{},"s":{"0":0,"1":0,"2":0,"3":0},"f":{},"b":{}}
,"/Users/connor/aixperts/charactergen-api/cdk/constructs/api-lambda.ts": {"path":"/Users/connor/aixperts/charactergen-api/cdk/constructs/api-lambda.ts","statementMap":{"0":{"start":{"line":1,"column":0},"end":{"line":1,"column":39}},"1":{"start":{"line":2,"column":0},"end":{"line":2,"column":63}},"2":{"start":{"line":3,"column":0},"end":{"line":3,"column":53}},"3":{"start":{"line":5,"column":0},"end":{"line":5,"column":49}},"4":{"start":{"line":6,"column":0},"end":{"line":6,"column":39}},"5":{"start":{"line":7,"column":0},"end":{"line":7,"column":62}},"6":{"start":{"line":8,"column":0},"end":{"line":8,"column":62}},"7":{"start":{"line":9,"column":0},"end":{"line":9,"column":65}},"8":{"start":{"line":11,"column":0},"end":{"line":11,"column":13}},"9":{"start":{"line":27,"column":4},"end":{"line":27,"column":21}},"10":{"start":{"line":29,"column":4},"end":{"line":46,"column":6}},"11":{"start":{"line":48,"column":4},"end":{"line":48,"column":54}},"12":{"start":{"line":52,"column":4},"end":{"line":68,"column":null}},"13":{"start":{"line":53,"column":18},"end":{"line":53,"column":42}},"14":{"start":{"line":55,"column":6},"end":{"line":67,"column":null}},"15":{"start":{"line":56,"column":8},"end":{"line":66,"column":10}},"16":{"start":{"line":23,"column":0},"end":{"line":23,"column":13}}},"fnMap":{"0":{"name":"(anonymous_0)","decl":{"start":{"line":26,"column":2},"end":{"line":26,"column":14}},"loc":{"start":{"line":26,"column":65},"end":{"line":49,"column":3}}},"1":{"name":"(anonymous_1)","decl":{"start":{"line":51,"column":10},"end":{"line":51,"column":30}},"loc":{"start":{"line":51,"column":63},"end":{"line":69,"column":3}}}},"branchMap":{"0":{"loc":{"start":{"line":60,"column":21},"end":{"line":60,"column":65}},"type":"cond-expr","locations":[{"start":{"line":60,"column":45},"end":{"line":60,"column":53}},{"start":{"line":60,"column":56},"end":{"line":60,"column":65}}]},"1":{"loc":{"start":{"line":63,"column":14},"end":{"line":63,"column":66}},"type":"binary-expr","locations":[{"start":{"line":63,"column":14},"end":{"line":63,"column":35}},{"start":{"line":63,"column":39},"end":{"line":63,"column":66}}]}},"s":{"0":0,"1":0,"2":0,"3":0,"4":0,"5":0,"6":0,"7":0,"8":0,"9":0,"10":0,"11":0,"12":0,"13":0,"14":0,"15":0,"16":0},"f":{"0":0,"1":0},"b":{"0":[0,0],"1":[0,0]}}
,"/Users/connor/aixperts/charactergen-api/cdk/services/policy-service.ts": {"path":"/Users/connor/aixperts/charactergen-api/cdk/services/policy-service.ts","statementMap":{"0":{"start":{"line":1,"column":0},"end":{"line":1,"column":62}},"1":{"start":{"line":3,"column":13},"end":{"line":3,"column":80}},"2":{"start":{"line":4,"column":13},"end":{"line":9,"column":2}},"3":{"start":{"line":13,"column":4},"end":{"line":13,"column":31}},"4":{"start":{"line":17,"column":4},"end":{"line":22,"column":7}},"5":{"start":{"line":25,"column":4},"end":{"line":30,"column":7}},"6":{"start":{"line":34,"column":4},"end":{"line":39,"column":7}},"7":{"start":{"line":43,"column":4},"end":{"line":53,"column":7}},"8":{"start":{"line":60,"column":4},"end":{"line":65,"column":7}},"9":{"start":{"line":72,"column":4},"end":{"line":82,"column":7}},"10":{"start":{"line":11,"column":0},"end":{"line":11,"column":13}}},"fnMap":{"0":{"name":"(anonymous_0)","decl":{"start":{"line":12,"column":9},"end":{"line":12,"column":15}},"loc":{"start":{"line":12,"column":27},"end":{"line":14,"column":3}}},"1":{"name":"(anonymous_1)","decl":{"start":{"line":16,"column":9},"end":{"line":16,"column":31}},"loc":{"start":{"line":16,"column":46},"end":{"line":23,"column":3}}},"2":{"name":"(anonymous_2)","decl":{"start":{"line":24,"column":9},"end":{"line":24,"column":31}},"loc":{"start":{"line":24,"column":46},"end":{"line":31,"column":3}}},"3":{"name":"(anonymous_3)","decl":{"start":{"line":33,"column":9},"end":{"line":33,"column":25}},"loc":{"start":{"line":33,"column":25},"end":{"line":40,"column":3}}},"4":{"name":"(anonymous_4)","decl":{"start":{"line":42,"column":9},"end":{"line":42,"column":32}},"loc":{"start":{"line":42,"column":53},"end":{"line":54,"column":3}}},"5":{"name":"(anonymous_5)","decl":{"start":{"line":56,"column":9},"end":{"line":56,"column":31}},"loc":{"start":{"line":58,"column":29},"end":{"line":66,"column":3}}},"6":{"name":"(anonymous_6)","decl":{"start":{"line":68,"column":9},"end":{"line":68,"column":32}},"loc":{"start":{"line":70,"column":30},"end":{"line":83,"column":3}}}},"branchMap":{"0":{"loc":{"start":{"line":58,"column":4},"end":{"line":58,"column":29}},"type":"default-arg","locations":[{"start":{"line":58,"column":10},"end":{"line":58,"column":29}}]},"1":{"loc":{"start":{"line":70,"column":4},"end":{"line":70,"column":30}},"type":"default-arg","locations":[{"start":{"line":70,"column":10},"end":{"line":70,"column":30}}]}},"s":{"0":0,"1":0,"2":0,"3":0,"4":0,"5":0,"6":0,"7":0,"8":0,"9":0,"10":0},"f":{"0":0,"1":0,"2":0,"3":0,"4":0,"5":0,"6":0},"b":{"0":[0],"1":[0]}}
,"/Users/connor/aixperts/charactergen-api/src/chats-handler.ts": {"path":"/Users/connor/aixperts/charactergen-api/src/chats-handler.ts","statementMap":{"0":{"start":{"line":5,"column":0},"end":{"line":5,"column":65}},"1":{"start":{"line":6,"column":0},"end":{"line":6,"column":37}},"2":{"start":{"line":9,"column":31},"end":{"line":9,"column":48}},"3":{"start":{"line":14,"column":4},"end":{"line":16,"column":7}},"4":{"start":{"line":17,"column":4},"end":{"line":17,"column":53}},"5":{"start":{"line":8,"column":0},"end":{"line":8,"column":13}},"6":{"start":{"line":21,"column":16},"end":{"line":21,"column":34}},"7":{"start":{"line":23,"column":13},"end":{"line":23,"column":55}}},"fnMap":{"0":{"name":"(anonymous_0)","decl":{"start":{"line":9,"column":2},"end":{"line":9,"column":31}},"loc":{"start":{"line":9,"column":69},"end":{"line":9,"column":73}}},"1":{"name":"(anonymous_1)","decl":{"start":{"line":11,"column":9},"end":{"line":11,"column":14}},"loc":{"start":{"line":12,"column":52},"end":{"line":18,"column":3}}}},"branchMap":{"0":{"loc":{"start":{"line":9,"column":31},"end":{"line":9,"column":69}},"type":"default-arg","locations":[{"start":{"line":9,"column":48},"end":{"line":9,"column":69}}]}},"s":{"0":0,"1":0,"2":0,"3":0,"4":0,"5":0,"6":0,"7":0},"f":{"0":0,"1":0},"b":{"0":[0]}}
,"/Users/connor/aixperts/charactergen-api/src/controllers/characters-controller.ts": {"path":"/Users/connor/aixperts/charactergen-api/src/controllers/characters-controller.ts","statementMap":{"0":{"start":{"line":5,"column":0},"end":{"line":5,"column":74}},"1":{"start":{"line":6,"column":0},"end":{"line":6,"column":58}},"2":{"start":{"line":7,"column":0},"end":{"line":7,"column":38}},"3":{"start":{"line":8,"column":0},"end":{"line":8,"column":49}},"4":{"start":{"line":9,"column":0},"end":{"line":9,"column":51}},"5":{"start":{"line":10,"column":0},"end":{"line":10,"column":65}},"6":{"start":{"line":13,"column":31},"end":{"line":13,"column":50}},"7":{"start":{"line":18,"column":4},"end":{"line":28,"column":null}},"8":{"start":{"line":19,"column":25},"end":{"line":20,"column":null}},"9":{"start":{"line":22,"column":6},"end":{"line":22,"column":77}},"10":{"start":{"line":24,"column":6},"end":{"line":26,"column":null}},"11":{"start":{"line":25,"column":8},"end":{"line":25,"column":54}},"12":{"start":{"line":27,"column":6},"end":{"line":27,"column":35}},"13":{"start":{"line":34,"column":4},"end":{"line":48,"column":null}},"14":{"start":{"line":35,"column":6},"end":{"line":37,"column":null}},"15":{"start":{"line":36,"column":8},"end":{"line":36,"column":32}},"16":{"start":{"line":38,"column":24},"end":{"line":40,"column":null}},"17":{"start":{"line":42,"column":6},"end":{"line":42,"column":75}},"18":{"start":{"line":44,"column":6},"end":{"line":46,"column":null}},"19":{"start":{"line":45,"column":8},"end":{"line":45,"column":53}},"20":{"start":{"line":47,"column":6},"end":{"line":47,"column":35}},"21":{"start":{"line":54,"column":4},"end":{"line":72,"column":null}},"22":{"start":{"line":55,"column":26},"end":{"line":57,"column":null}},"23":{"start":{"line":59,"column":6},"end":{"line":61,"column":null}},"24":{"start":{"line":60,"column":8},"end":{"line":60,"column":32}},"25":{"start":{"line":62,"column":24},"end":{"line":64,"column":null}},"26":{"start":{"line":66,"column":6},"end":{"line":66,"column":75}},"27":{"start":{"line":68,"column":6},"end":{"line":70,"column":null}},"28":{"start":{"line":69,"column":8},"end":{"line":69,"column":56}},"29":{"start":{"line":71,"column":6},"end":{"line":71,"column":35}},"30":{"start":{"line":12,"column":0},"end":{"line":12,"column":13}}},"fnMap":{"0":{"name":"(anonymous_0)","decl":{"start":{"line":13,"column":2},"end":{"line":13,"column":31}},"loc":{"start":{"line":13,"column":72},"end":{"line":13,"column":76}}},"1":{"name":"(anonymous_1)","decl":{"start":{"line":15,"column":9},"end":{"line":15,"column":14}},"loc":{"start":{"line":16,"column":52},"end":{"line":29,"column":3}}},"2":{"name":"(anonymous_2)","decl":{"start":{"line":31,"column":9},"end":{"line":31,"column":14}},"loc":{"start":{"line":32,"column":52},"end":{"line":49,"column":3}}},"3":{"name":"(anonymous_3)","decl":{"start":{"line":51,"column":9},"end":{"line":51,"column":14}},"loc":{"start":{"line":52,"column":52},"end":{"line":73,"column":3}}}},"branchMap":{"0":{"loc":{"start":{"line":13,"column":31},"end":{"line":13,"column":72}},"type":"default-arg","locations":[{"start":{"line":13,"column":50},"end":{"line":13,"column":72}}]},"1":{"loc":{"start":{"line":24,"column":6},"end":{"line":26,"column":null}},"type":"if","locations":[{"start":{"line":24,"column":6},"end":{"line":26,"column":null}}]},"2":{"loc":{"start":{"line":35,"column":6},"end":{"line":37,"column":null}},"type":"if","locations":[{"start":{"line":35,"column":6},"end":{"line":37,"column":null}}]},"3":{"loc":{"start":{"line":35,"column":10},"end":{"line":35,"column":68}},"type":"binary-expr","locations":[{"start":{"line":35,"column":10},"end":{"line":35,"column":31}},{"start":{"line":35,"column":35},"end":{"line":35,"column":68}}]},"4":{"loc":{"start":{"line":44,"column":6},"end":{"line":46,"column":null}},"type":"if","locations":[{"start":{"line":44,"column":6},"end":{"line":46,"column":null}}]},"5":{"loc":{"start":{"line":59,"column":6},"end":{"line":61,"column":null}},"type":"if","locations":[{"start":{"line":59,"column":6},"end":{"line":61,"column":null}}]},"6":{"loc":{"start":{"line":68,"column":6},"end":{"line":70,"column":null}},"type":"if","locations":[{"start":{"line":68,"column":6},"end":{"line":70,"column":null}}]}},"s":{"0":1,"1":1,"2":1,"3":1,"4":1,"5":1,"6":5,"7":1,"8":1,"9":1,"10":0,"11":0,"12":0,"13":0,"14":0,"15":0,"16":0,"17":0,"18":0,"19":0,"20":0,"21":1,"22":1,"23":1,"24":0,"25":1,"26":1,"27":0,"28":0,"29":0,"30":1},"f":{"0":5,"1":1,"2":0,"3":1},"b":{"0":[5],"1":[0],"2":[0],"3":[0,0],"4":[0],"5":[0],"6":[0]}}
,"/Users/connor/aixperts/charactergen-api/src/controllers/chats-controller.ts": {"path":"/Users/connor/aixperts/charactergen-api/src/controllers/chats-controller.ts","statementMap":{"0":{"start":{"line":5,"column":0},"end":{"line":5,"column":55}},"1":{"start":{"line":6,"column":0},"end":{"line":6,"column":84}},"2":{"start":{"line":7,"column":0},"end":{"line":7,"column":58}},"3":{"start":{"line":8,"column":0},"end":{"line":8,"column":38}},"4":{"start":{"line":9,"column":0},"end":{"line":9,"column":49}},"5":{"start":{"line":10,"column":0},"end":{"line":10,"column":63}},"6":{"start":{"line":13,"column":31},"end":{"line":13,"column":45}},"7":{"start":{"line":18,"column":4},"end":{"line":28,"column":null}},"8":{"start":{"line":19,"column":20},"end":{"line":20,"column":null}},"9":{"start":{"line":22,"column":6},"end":{"line":22,"column":67}},"10":{"start":{"line":24,"column":6},"end":{"line":26,"column":null}},"11":{"start":{"line":25,"column":8},"end":{"line":25,"column":49}},"12":{"start":{"line":27,"column":6},"end":{"line":27,"column":35}},"13":{"start":{"line":34,"column":4},"end":{"line":51,"column":null}},"14":{"start":{"line":35,"column":6},"end":{"line":37,"column":null}},"15":{"start":{"line":36,"column":8},"end":{"line":36,"column":32}},"16":{"start":{"line":38,"column":19},"end":{"line":40,"column":null}},"17":{"start":{"line":42,"column":6},"end":{"line":44,"column":null}},"18":{"start":{"line":43,"column":8},"end":{"line":43,"column":26}},"19":{"start":{"line":45,"column":6},"end":{"line":45,"column":65}},"20":{"start":{"line":47,"column":6},"end":{"line":49,"column":null}},"21":{"start":{"line":48,"column":8},"end":{"line":48,"column":48}},"22":{"start":{"line":50,"column":6},"end":{"line":50,"column":35}},"23":{"start":{"line":57,"column":4},"end":{"line":75,"column":null}},"24":{"start":{"line":58,"column":26},"end":{"line":60,"column":null}},"25":{"start":{"line":62,"column":6},"end":{"line":64,"column":null}},"26":{"start":{"line":63,"column":8},"end":{"line":63,"column":32}},"27":{"start":{"line":65,"column":19},"end":{"line":67,"column":null}},"28":{"start":{"line":69,"column":6},"end":{"line":69,"column":65}},"29":{"start":{"line":71,"column":6},"end":{"line":73,"column":null}},"30":{"start":{"line":72,"column":8},"end":{"line":72,"column":51}},"31":{"start":{"line":74,"column":6},"end":{"line":74,"column":35}},"32":{"start":{"line":81,"column":4},"end":{"line":95,"column":null}},"33":{"start":{"line":82,"column":6},"end":{"line":84,"column":null}},"34":{"start":{"line":83,"column":8},"end":{"line":83,"column":32}},"35":{"start":{"line":85,"column":6},"end":{"line":88,"column":8}},"36":{"start":{"line":89,"column":6},"end":{"line":89,"column":33}},"37":{"start":{"line":91,"column":6},"end":{"line":93,"column":null}},"38":{"start":{"line":92,"column":8},"end":{"line":92,"column":51}},"39":{"start":{"line":94,"column":6},"end":{"line":94,"column":35}},"40":{"start":{"line":101,"column":4},"end":{"line":123,"column":null}},"41":{"start":{"line":102,"column":6},"end":{"line":104,"column":null}},"42":{"start":{"line":103,"column":8},"end":{"line":103,"column":32}},"43":{"start":{"line":105,"column":26},"end":{"line":107,"column":null}},"44":{"start":{"line":109,"column":6},"end":{"line":111,"column":null}},"45":{"start":{"line":110,"column":8},"end":{"line":110,"column":32}},"46":{"start":{"line":112,"column":19},"end":{"line":115,"column":null}},"47":{"start":{"line":117,"column":6},"end":{"line":117,"column":65}},"48":{"start":{"line":119,"column":6},"end":{"line":121,"column":null}},"49":{"start":{"line":120,"column":8},"end":{"line":120,"column":52}},"50":{"start":{"line":122,"column":6},"end":{"line":122,"column":35}},"51":{"start":{"line":12,"column":0},"end":{"line":12,"column":13}}},"fnMap":{"0":{"name":"(anonymous_0)","decl":{"start":{"line":13,"column":2},"end":{"line":13,"column":31}},"loc":{"start":{"line":13,"column":62},"end":{"line":13,"column":66}}},"1":{"name":"(anonymous_1)","decl":{"start":{"line":15,"column":9},"end":{"line":15,"column":14}},"loc":{"start":{"line":16,"column":52},"end":{"line":29,"column":3}}},"2":{"name":"(anonymous_2)","decl":{"start":{"line":31,"column":9},"end":{"line":31,"column":14}},"loc":{"start":{"line":32,"column":52},"end":{"line":52,"column":3}}},"3":{"name":"(anonymous_3)","decl":{"start":{"line":54,"column":9},"end":{"line":54,"column":14}},"loc":{"start":{"line":55,"column":52},"end":{"line":76,"column":3}}},"4":{"name":"(anonymous_4)","decl":{"start":{"line":78,"column":9},"end":{"line":78,"column":14}},"loc":{"start":{"line":79,"column":52},"end":{"line":96,"column":3}}},"5":{"name":"(anonymous_5)","decl":{"start":{"line":98,"column":9},"end":{"line":98,"column":14}},"loc":{"start":{"line":99,"column":52},"end":{"line":124,"column":3}}}},"branchMap":{"0":{"loc":{"start":{"line":13,"column":31},"end":{"line":13,"column":62}},"type":"default-arg","locations":[{"start":{"line":13,"column":45},"end":{"line":13,"column":62}}]},"1":{"loc":{"start":{"line":24,"column":6},"end":{"line":26,"column":null}},"type":"if","locations":[{"start":{"line":24,"column":6},"end":{"line":26,"column":null}}]},"2":{"loc":{"start":{"line":35,"column":6},"end":{"line":37,"column":null}},"type":"if","locations":[{"start":{"line":35,"column":6},"end":{"line":37,"column":null}}]},"3":{"loc":{"start":{"line":35,"column":10},"end":{"line":35,"column":63}},"type":"binary-expr","locations":[{"start":{"line":35,"column":10},"end":{"line":35,"column":31}},{"start":{"line":35,"column":35},"end":{"line":35,"column":63}}]},"4":{"loc":{"start":{"line":42,"column":6},"end":{"line":44,"column":null}},"type":"if","locations":[{"start":{"line":42,"column":6},"end":{"line":44,"column":null}}]},"5":{"loc":{"start":{"line":47,"column":6},"end":{"line":49,"column":null}},"type":"if","locations":[{"start":{"line":47,"column":6},"end":{"line":49,"column":null}}]},"6":{"loc":{"start":{"line":62,"column":6},"end":{"line":64,"column":null}},"type":"if","locations":[{"start":{"line":62,"column":6},"end":{"line":64,"column":null}}]},"7":{"loc":{"start":{"line":71,"column":6},"end":{"line":73,"column":null}},"type":"if","locations":[{"start":{"line":71,"column":6},"end":{"line":73,"column":null}}]},"8":{"loc":{"start":{"line":82,"column":6},"end":{"line":84,"column":null}},"type":"if","locations":[{"start":{"line":82,"column":6},"end":{"line":84,"column":null}}]},"9":{"loc":{"start":{"line":82,"column":10},"end":{"line":82,"column":63}},"type":"binary-expr","locations":[{"start":{"line":82,"column":10},"end":{"line":82,"column":31}},{"start":{"line":82,"column":35},"end":{"line":82,"column":63}}]},"10":{"loc":{"start":{"line":91,"column":6},"end":{"line":93,"column":null}},"type":"if","locations":[{"start":{"line":91,"column":6},"end":{"line":93,"column":null}}]},"11":{"loc":{"start":{"line":102,"column":6},"end":{"line":104,"column":null}},"type":"if","locations":[{"start":{"line":102,"column":6},"end":{"line":104,"column":null}}]},"12":{"loc":{"start":{"line":102,"column":10},"end":{"line":102,"column":63}},"type":"binary-expr","locations":[{"start":{"line":102,"column":10},"end":{"line":102,"column":31}},{"start":{"line":102,"column":35},"end":{"line":102,"column":63}}]},"13":{"loc":{"start":{"line":109,"column":6},"end":{"line":111,"column":null}},"type":"if","locations":[{"start":{"line":109,"column":6},"end":{"line":111,"column":null}}]},"14":{"loc":{"start":{"line":119,"column":6},"end":{"line":121,"column":null}},"type":"if","locations":[{"start":{"line":119,"column":6},"end":{"line":121,"column":null}}]}},"s":{"0":1,"1":1,"2":1,"3":1,"4":1,"5":1,"6":5,"7":1,"8":1,"9":1,"10":0,"11":0,"12":0,"13":1,"14":1,"15":0,"16":1,"17":1,"18":1,"19":0,"20":0,"21":0,"22":0,"23":1,"24":1,"25":1,"26":0,"27":1,"28":1,"29":0,"30":0,"31":0,"32":0,"33":0,"34":0,"35":0,"36":0,"37":0,"38":0,"39":0,"40":0,"41":0,"42":0,"43":0,"44":0,"45":0,"46":0,"47":0,"48":0,"49":0,"50":0,"51":1},"f":{"0":5,"1":1,"2":1,"3":1,"4":0,"5":0},"b":{"0":[5],"1":[0],"2":[0],"3":[1,1],"4":[1],"5":[0],"6":[0],"7":[0],"8":[0],"9":[0,0],"10":[0],"11":[0],"12":[0,0],"13":[0],"14":[0]}}
,"/Users/connor/aixperts/charactergen-api/src/data/character-store.ts": {"path":"/Users/connor/aixperts/charactergen-api/src/data/character-store.ts","statementMap":{"0":{"start":{"line":1,"column":0},"end":{"line":1,"column":38}},"1":{"start":{"line":2,"column":0},"end":{"line":2,"column":49}},"2":{"start":{"line":4,"column":0},"end":{"line":4,"column":66}},"3":{"start":{"line":5,"column":0},"end":{"line":5,"column":39}},"4":{"start":{"line":6,"column":0},"end":{"line":6,"column":63}},"5":{"start":{"line":7,"column":0},"end":{"line":7,"column":57}},"6":{"start":{"line":9,"column":0},"end":{"line":9,"column":36}},"7":{"start":{"line":13,"column":19},"end":{"line":16,"column":4}},"8":{"start":{"line":19,"column":4},"end":{"line":23,"column":6}},"9":{"start":{"line":27,"column":4},"end":{"line":40,"column":null}},"10":{"start":{"line":28,"column":6},"end":{"line":34,"column":16}},"11":{"start":{"line":36,"column":6},"end":{"line":38,"column":null}},"12":{"start":{"line":37,"column":8},"end":{"line":37,"column":67}},"13":{"start":{"line":39,"column":6},"end":{"line":39,"column":66}},"14":{"start":{"line":47,"column":4},"end":{"line":57,"column":null}},"15":{"start":{"line":48,"column":6},"end":{"line":51,"column":9}},"16":{"start":{"line":53,"column":6},"end":{"line":55,"column":null}},"17":{"start":{"line":54,"column":8},"end":{"line":54,"column":67}},"18":{"start":{"line":56,"column":6},"end":{"line":56,"column":65}},"19":{"start":{"line":64,"column":4},"end":{"line":75,"column":null}},"20":{"start":{"line":65,"column":6},"end":{"line":69,"column":9}},"21":{"start":{"line":71,"column":6},"end":{"line":73,"column":null}},"22":{"start":{"line":72,"column":8},"end":{"line":72,"column":67}},"23":{"start":{"line":74,"column":6},"end":{"line":74,"column":68}},"24":{"start":{"line":81,"column":4},"end":{"line":92,"column":null}},"25":{"start":{"line":82,"column":6},"end":{"line":86,"column":9}},"26":{"start":{"line":88,"column":6},"end":{"line":90,"column":null}},"27":{"start":{"line":89,"column":8},"end":{"line":89,"column":67}},"28":{"start":{"line":91,"column":6},"end":{"line":91,"column":68}},"29":{"start":{"line":11,"column":0},"end":{"line":11,"column":13}}},"fnMap":{"0":{"name":"(anonymous_0)","decl":{"start":{"line":18,"column":2},"end":{"line":18,"column":null}},"loc":{"start":{"line":18,"column":2},"end":{"line":24,"column":3}}},"1":{"name":"(anonymous_1)","decl":{"start":{"line":26,"column":9},"end":{"line":26,"column":14}},"loc":{"start":{"line":26,"column":43},"end":{"line":41,"column":3}}},"2":{"name":"(anonymous_2)","decl":{"start":{"line":43,"column":9},"end":{"line":43,"column":14}},"loc":{"start":{"line":45,"column":23},"end":{"line":58,"column":3}}},"3":{"name":"(anonymous_3)","decl":{"start":{"line":60,"column":9},"end":{"line":60,"column":14}},"loc":{"start":{"line":62,"column":24},"end":{"line":76,"column":3}}},"4":{"name":"(anonymous_4)","decl":{"start":{"line":78,"column":9},"end":{"line":78,"column":14}},"loc":{"start":{"line":79,"column":28},"end":{"line":93,"column":3}}}},"branchMap":{"0":{"loc":{"start":{"line":36,"column":6},"end":{"line":38,"column":null}},"type":"if","locations":[{"start":{"line":36,"column":6},"end":{"line":38,"column":null}}]},"1":{"loc":{"start":{"line":53,"column":6},"end":{"line":55,"column":null}},"type":"if","locations":[{"start":{"line":53,"column":6},"end":{"line":55,"column":null}}]},"2":{"loc":{"start":{"line":71,"column":6},"end":{"line":73,"column":null}},"type":"if","locations":[{"start":{"line":71,"column":6},"end":{"line":73,"column":null}}]},"3":{"loc":{"start":{"line":88,"column":6},"end":{"line":90,"column":null}},"type":"if","locations":[{"start":{"line":88,"column":6},"end":{"line":90,"column":null}}]}},"s":{"0":1,"1":1,"2":1,"3":1,"4":1,"5":1,"6":1,"7":10,"8":10,"9":1,"10":1,"11":0,"12":0,"13":0,"14":1,"15":1,"16":0,"17":0,"18":0,"19":1,"20":1,"21":0,"22":0,"23":0,"24":1,"25":1,"26":0,"27":0,"28":0,"29":1},"f":{"0":10,"1":1,"2":1,"3":1,"4":1},"b":{"0":[0],"1":[0],"2":[0],"3":[0]}}
,"/Users/connor/aixperts/charactergen-api/src/data/chat-store.ts": {"path":"/Users/connor/aixperts/charactergen-api/src/data/chat-store.ts","statementMap":{"0":{"start":{"line":1,"column":0},"end":{"line":1,"column":38}},"1":{"start":{"line":2,"column":0},"end":{"line":2,"column":49}},"2":{"start":{"line":4,"column":0},"end":{"line":4,"column":71}},"3":{"start":{"line":5,"column":0},"end":{"line":5,"column":39}},"4":{"start":{"line":6,"column":0},"end":{"line":6,"column":63}},"5":{"start":{"line":7,"column":0},"end":{"line":7,"column":57}},"6":{"start":{"line":9,"column":0},"end":{"line":9,"column":36}},"7":{"start":{"line":14,"column":19},"end":{"line":17,"column":4}},"8":{"start":{"line":20,"column":4},"end":{"line":24,"column":6}},"9":{"start":{"line":28,"column":4},"end":{"line":41,"column":null}},"10":{"start":{"line":29,"column":6},"end":{"line":35,"column":16}},"11":{"start":{"line":37,"column":6},"end":{"line":39,"column":null}},"12":{"start":{"line":38,"column":8},"end":{"line":38,"column":67}},"13":{"start":{"line":40,"column":6},"end":{"line":40,"column":61}},"14":{"start":{"line":45,"column":4},"end":{"line":55,"column":null}},"15":{"start":{"line":46,"column":6},"end":{"line":49,"column":9}},"16":{"start":{"line":51,"column":6},"end":{"line":53,"column":null}},"17":{"start":{"line":52,"column":8},"end":{"line":52,"column":67}},"18":{"start":{"line":54,"column":6},"end":{"line":54,"column":60}},"19":{"start":{"line":62,"column":4},"end":{"line":75,"column":null}},"20":{"start":{"line":63,"column":6},"end":{"line":69,"column":9}},"21":{"start":{"line":71,"column":6},"end":{"line":73,"column":null}},"22":{"start":{"line":72,"column":8},"end":{"line":72,"column":67}},"23":{"start":{"line":74,"column":6},"end":{"line":74,"column":63}},"24":{"start":{"line":83,"column":4},"end":{"line":95,"column":null}},"25":{"start":{"line":84,"column":19},"end":{"line":87,"column":8}},"26":{"start":{"line":88,"column":6},"end":{"line":88,"column":34}},"27":{"start":{"line":89,"column":6},"end":{"line":89,"column":43}},"28":{"start":{"line":91,"column":6},"end":{"line":93,"column":null}},"29":{"start":{"line":92,"column":8},"end":{"line":92,"column":67}},"30":{"start":{"line":94,"column":6},"end":{"line":94,"column":71}},"31":{"start":{"line":99,"column":4},"end":{"line":109,"column":null}},"32":{"start":{"line":100,"column":6},"end":{"line":103,"column":9}},"33":{"start":{"line":105,"column":6},"end":{"line":107,"column":null}},"34":{"start":{"line":106,"column":8},"end":{"line":106,"column":70}},"35":{"start":{"line":108,"column":6},"end":{"line":108,"column":63}},"36":{"start":{"line":12,"column":0},"end":{"line":12,"column":13}}},"fnMap":{"0":{"name":"(anonymous_0)","decl":{"start":{"line":19,"column":2},"end":{"line":19,"column":null}},"loc":{"start":{"line":19,"column":2},"end":{"line":25,"column":3}}},"1":{"name":"(anonymous_1)","decl":{"start":{"line":27,"column":9},"end":{"line":27,"column":14}},"loc":{"start":{"line":27,"column":38},"end":{"line":42,"column":3}}},"2":{"name":"(anonymous_2)","decl":{"start":{"line":44,"column":9},"end":{"line":44,"column":14}},"loc":{"start":{"line":44,"column":53},"end":{"line":56,"column":3}}},"3":{"name":"(anonymous_3)","decl":{"start":{"line":58,"column":9},"end":{"line":58,"column":14}},"loc":{"start":{"line":60,"column":28},"end":{"line":76,"column":3}}},"4":{"name":"(anonymous_4)","decl":{"start":{"line":78,"column":9},"end":{"line":78,"column":14}},"loc":{"start":{"line":81,"column":20},"end":{"line":96,"column":3}}},"5":{"name":"(anonymous_5)","decl":{"start":{"line":98,"column":9},"end":{"line":98,"column":14}},"loc":{"start":{"line":98,"column":56},"end":{"line":110,"column":3}}}},"branchMap":{"0":{"loc":{"start":{"line":37,"column":6},"end":{"line":39,"column":null}},"type":"if","locations":[{"start":{"line":37,"column":6},"end":{"line":39,"column":null}}]},"1":{"loc":{"start":{"line":51,"column":6},"end":{"line":53,"column":null}},"type":"if","locations":[{"start":{"line":51,"column":6},"end":{"line":53,"column":null}}]},"2":{"loc":{"start":{"line":71,"column":6},"end":{"line":73,"column":null}},"type":"if","locations":[{"start":{"line":71,"column":6},"end":{"line":73,"column":null}}]},"3":{"loc":{"start":{"line":91,"column":6},"end":{"line":93,"column":null}},"type":"if","locations":[{"start":{"line":91,"column":6},"end":{"line":93,"column":null}}]},"4":{"loc":{"start":{"line":105,"column":6},"end":{"line":107,"column":null}},"type":"if","locations":[{"start":{"line":105,"column":6},"end":{"line":107,"column":null}}]}},"s":{"0":1,"1":1,"2":1,"3":1,"4":1,"5":1,"6":1,"7":5,"8":5,"9":1,"10":1,"11":0,"12":0,"13":0,"14":1,"15":1,"16":0,"17":0,"18":0,"19":1,"20":1,"21":0,"22":0,"23":0,"24":0,"25":0,"26":0,"27":0,"28":0,"29":0,"30":0,"31":0,"32":0,"33":0,"34":0,"35":0,"36":1},"f":{"0":5,"1":1,"2":1,"3":1,"4":0,"5":0},"b":{"0":[0],"1":[0],"2":[0],"3":[0],"4":[0]}}
,"/Users/connor/aixperts/charactergen-api/src/data/dto/index.ts": {"path":"/Users/connor/aixperts/charactergen-api/src/data/dto/index.ts","statementMap":{"0":{"start":{"line":1,"column":0},"end":{"line":1,"column":30}},"1":{"start":{"line":3,"column":13},"end":{"line":7,"column":3}},"2":{"start":{"line":10,"column":13},"end":{"line":12,"column":3}},"3":{"start":{"line":15,"column":13},"end":{"line":17,"column":3}},"4":{"start":{"line":20,"column":13},"end":{"line":23,"column":3}},"5":{"start":{"line":26,"column":13},"end":{"line":29,"column":3}}},"fnMap":{},"branchMap":{},"s":{"0":1,"1":1,"2":1,"3":1,"4":1,"5":1},"f":{},"b":{}}
,"/Users/connor/aixperts/charactergen-api/src/data/dynamoose/chat.ts": {"path":"/Users/connor/aixperts/charactergen-api/src/data/dynamoose/chat.ts","statementMap":{"0":{"start":{"line":1,"column":0},"end":{"line":1,"column":43}},"1":{"start":{"line":2,"column":0},"end":{"line":2,"column":35}},"2":{"start":{"line":5,"column":0},"end":{"line":5,"column":13}},"3":{"start":{"line":14,"column":0},"end":{"line":14,"column":13}},"4":{"start":{"line":23,"column":13},"end":{"line":57,"column":2}},"5":{"start":{"line":59,"column":13},"end":{"line":83,"column":2}}},"fnMap":{},"branchMap":{},"s":{"0":1,"1":1,"2":1,"3":1,"4":1,"5":1},"f":{},"b":{}}
,"/Users/connor/aixperts/charactergen-api/src/services/character-service.ts": {"path":"/Users/connor/aixperts/charactergen-api/src/services/character-service.ts","statementMap":{"0":{"start":{"line":1,"column":0},"end":{"line":1,"column":57}},"1":{"start":{"line":6,"column":31},"end":{"line":6,"column":48}},"2":{"start":{"line":12,"column":4},"end":{"line":12,"column":71}},"3":{"start":{"line":16,"column":4},"end":{"line":16,"column":59}},"4":{"start":{"line":23,"column":4},"end":{"line":23,"column":72}},"5":{"start":{"line":30,"column":22},"end":{"line":32,"column":null}},"6":{"start":{"line":34,"column":4},"end":{"line":34,"column":79}},"7":{"start":{"line":5,"column":0},"end":{"line":5,"column":13}}},"fnMap":{"0":{"name":"(anonymous_0)","decl":{"start":{"line":6,"column":2},"end":{"line":6,"column":31}},"loc":{"start":{"line":6,"column":68},"end":{"line":6,"column":72}}},"1":{"name":"(anonymous_1)","decl":{"start":{"line":8,"column":9},"end":{"line":8,"column":14}},"loc":{"start":{"line":10,"column":23},"end":{"line":13,"column":3}}},"2":{"name":"(anonymous_2)","decl":{"start":{"line":15,"column":9},"end":{"line":15,"column":14}},"loc":{"start":{"line":15,"column":43},"end":{"line":17,"column":3}}},"3":{"name":"(anonymous_3)","decl":{"start":{"line":19,"column":9},"end":{"line":19,"column":14}},"loc":{"start":{"line":21,"column":24},"end":{"line":24,"column":3}}},"4":{"name":"(anonymous_4)","decl":{"start":{"line":26,"column":9},"end":{"line":26,"column":14}},"loc":{"start":{"line":28,"column":23},"end":{"line":35,"column":3}}}},"branchMap":{"0":{"loc":{"start":{"line":6,"column":31},"end":{"line":6,"column":68}},"type":"default-arg","locations":[{"start":{"line":6,"column":48},"end":{"line":6,"column":68}}]}},"s":{"0":1,"1":10,"2":0,"3":1,"4":1,"5":1,"6":1,"7":1},"f":{"0":10,"1":0,"2":1,"3":1,"4":1},"b":{"0":[10]}}
,"/Users/connor/aixperts/charactergen-api/src/services/chat-service.ts": {"path":"/Users/connor/aixperts/charactergen-api/src/services/chat-service.ts","statementMap":{"0":{"start":{"line":1,"column":0},"end":{"line":1,"column":47}},"1":{"start":{"line":4,"column":0},"end":{"line":4,"column":55}},"2":{"start":{"line":8,"column":21},"end":{"line":8,"column":33}},"3":{"start":{"line":9,"column":21},"end":{"line":9,"column":40}},"4":{"start":{"line":13,"column":4},"end":{"line":13,"column":49}},"5":{"start":{"line":17,"column":4},"end":{"line":17,"column":56}},"6":{"start":{"line":25,"column":6},"end":{"line":25,"column":77}},"7":{"start":{"line":26,"column":4},"end":{"line":29,"column":6}},"8":{"start":{"line":33,"column":4},"end":{"line":33,"column":59}},"9":{"start":{"line":41,"column":33},"end":{"line":45,"column":6}},"10":{"start":{"line":46,"column":4},"end":{"line":46,"column":78}},"11":{"start":{"line":6,"column":0},"end":{"line":6,"column":13}}},"fnMap":{"0":{"name":"(anonymous_0)","decl":{"start":{"line":7,"column":2},"end":{"line":7,"column":null}},"loc":{"start":{"line":9,"column":62},"end":{"line":10,"column":6}}},"1":{"name":"(anonymous_1)","decl":{"start":{"line":12,"column":9},"end":{"line":12,"column":14}},"loc":{"start":{"line":12,"column":38},"end":{"line":14,"column":3}}},"2":{"name":"(anonymous_2)","decl":{"start":{"line":16,"column":9},"end":{"line":16,"column":14}},"loc":{"start":{"line":16,"column":53},"end":{"line":18,"column":3}}},"3":{"name":"(anonymous_3)","decl":{"start":{"line":20,"column":9},"end":{"line":20,"column":14}},"loc":{"start":{"line":22,"column":23},"end":{"line":30,"column":3}}},"4":{"name":"(anonymous_4)","decl":{"start":{"line":32,"column":9},"end":{"line":32,"column":14}},"loc":{"start":{"line":32,"column":56},"end":{"line":34,"column":3}}},"5":{"name":"(anonymous_5)","decl":{"start":{"line":36,"column":9},"end":{"line":36,"column":14}},"loc":{"start":{"line":39,"column":19},"end":{"line":47,"column":3}}}},"branchMap":{"0":{"loc":{"start":{"line":8,"column":21},"end":{"line":8,"column":48}},"type":"default-arg","locations":[{"start":{"line":8,"column":33},"end":{"line":8,"column":48}}]},"1":{"loc":{"start":{"line":9,"column":21},"end":{"line":9,"column":62}},"type":"default-arg","locations":[{"start":{"line":9,"column":40},"end":{"line":9,"column":62}}]}},"s":{"0":1,"1":1,"2":5,"3":5,"4":1,"5":1,"6":1,"7":1,"8":0,"9":0,"10":0,"11":1},"f":{"0":5,"1":1,"2":1,"3":1,"4":0,"5":0},"b":{"0":[5],"1":[5]}}
,"/Users/connor/aixperts/charactergen-api/src/utils/api-errors.ts": {"path":"/Users/connor/aixperts/charactergen-api/src/utils/api-errors.ts","statementMap":{"0":{"start":{"line":2,"column":0},"end":{"line":2,"column":51}},"1":{"start":{"line":4,"column":0},"end":{"line":4,"column":null}},"2":{"start":{"line":5,"column":2},"end":{"line":5,"column":null}},"3":{"start":{"line":6,"column":2},"end":{"line":6,"column":null}},"4":{"start":{"line":7,"column":2},"end":{"line":7,"column":null}},"5":{"start":{"line":10,"column":0},"end":{"line":10,"column":null}},"6":{"start":{"line":11,"column":2},"end":{"line":11,"column":null}},"7":{"start":{"line":12,"column":2},"end":{"line":12,"column":null}},"8":{"start":{"line":13,"column":2},"end":{"line":13,"column":null}},"9":{"start":{"line":14,"column":2},"end":{"line":14,"column":null}},"10":{"start":{"line":17,"column":0},"end":{"line":17,"column":null}},"11":{"start":{"line":18,"column":2},"end":{"line":18,"column":null}},"12":{"start":{"line":19,"column":2},"end":{"line":19,"column":null}},"13":{"start":{"line":21,"column":13},"end":{"line":21,"column":62}},"14":{"start":{"line":22,"column":13},"end":{"line":22,"column":75}},"15":{"start":{"line":23,"column":13},"end":{"line":23,"column":56}},"16":{"start":{"line":24,"column":13},"end":{"line":24,"column":53}},"17":{"start":{"line":26,"column":35},"end":{"line":30,"column":4}},"18":{"start":{"line":27,"column":2},"end":{"line":30,"column":4}},"19":{"start":{"line":26,"column":13},"end":{"line":26,"column":35}},"20":{"start":{"line":32,"column":31},"end":{"line":38,"column":4}},"21":{"start":{"line":35,"column":2},"end":{"line":38,"column":4}},"22":{"start":{"line":32,"column":13},"end":{"line":32,"column":31}},"23":{"start":{"line":40,"column":30},"end":{"line":44,"column":4}},"24":{"start":{"line":41,"column":2},"end":{"line":44,"column":4}},"25":{"start":{"line":40,"column":13},"end":{"line":40,"column":30}},"26":{"start":{"line":46,"column":32},"end":{"line":50,"column":4}},"27":{"start":{"line":47,"column":2},"end":{"line":50,"column":4}},"28":{"start":{"line":46,"column":13},"end":{"line":46,"column":32}},"29":{"start":{"line":52,"column":24},"end":{"line":56,"column":4}},"30":{"start":{"line":53,"column":2},"end":{"line":56,"column":4}},"31":{"start":{"line":52,"column":13},"end":{"line":52,"column":24}}},"fnMap":{"0":{"name":"(anonymous_0)","decl":{"start":{"line":4,"column":0},"end":{"line":4,"column":12}},"loc":{"start":{"line":4,"column":22},"end":{"line":8,"column":1}}},"1":{"name":"(anonymous_1)","decl":{"start":{"line":10,"column":0},"end":{"line":10,"column":12}},"loc":{"start":{"line":10,"column":20},"end":{"line":15,"column":1}}},"2":{"name":"(anonymous_2)","decl":{"start":{"line":17,"column":0},"end":{"line":17,"column":12}},"loc":{"start":{"line":17,"column":24},"end":{"line":20,"column":1}}},"3":{"name":"(anonymous_3)","decl":{"start":{"line":26,"column":35},"end":{"line":26,"column":61}},"loc":{"start":{"line":27,"column":2},"end":{"line":30,"column":4}}},"4":{"name":"(anonymous_4)","decl":{"start":{"line":32,"column":31},"end":{"line":32,"column":null}},"loc":{"start":{"line":35,"column":2},"end":{"line":38,"column":4}}},"5":{"name":"(anonymous_5)","decl":{"start":{"line":40,"column":30},"end":{"line":40,"column":56}},"loc":{"start":{"line":41,"column":2},"end":{"line":44,"column":4}}},"6":{"name":"(anonymous_6)","decl":{"start":{"line":46,"column":32},"end":{"line":46,"column":58}},"loc":{"start":{"line":47,"column":2},"end":{"line":50,"column":4}}},"7":{"name":"(anonymous_7)","decl":{"start":{"line":52,"column":24},"end":{"line":52,"column":50}},"loc":{"start":{"line":53,"column":2},"end":{"line":56,"column":4}}}},"branchMap":{"0":{"loc":{"start":{"line":4,"column":12},"end":{"line":4,"column":null}},"type":"binary-expr","locations":[{"start":{"line":4,"column":12},"end":{"line":4,"column":22}},{"start":{"line":4,"column":12},"end":{"line":4,"column":null}}]},"1":{"loc":{"start":{"line":10,"column":12},"end":{"line":10,"column":null}},"type":"binary-expr","locations":[{"start":{"line":10,"column":12},"end":{"line":10,"column":20}},{"start":{"line":10,"column":12},"end":{"line":10,"column":null}}]},"2":{"loc":{"start":{"line":17,"column":12},"end":{"line":17,"column":null}},"type":"binary-expr","locations":[{"start":{"line":17,"column":12},"end":{"line":17,"column":24}},{"start":{"line":17,"column":12},"end":{"line":17,"column":null}}]},"3":{"loc":{"start":{"line":33,"column":2},"end":{"line":33,"column":48}},"type":"default-arg","locations":[{"start":{"line":33,"column":21},"end":{"line":33,"column":48}}]}},"s":{"0":1,"1":1,"2":1,"3":1,"4":1,"5":1,"6":1,"7":1,"8":1,"9":1,"10":1,"11":1,"12":1,"13":1,"14":1,"15":1,"16":1,"17":1,"18":0,"19":1,"20":1,"21":0,"22":1,"23":1,"24":0,"25":1,"26":1,"27":0,"28":1,"29":1,"30":1,"31":1},"f":{"0":1,"1":1,"2":1,"3":0,"4":0,"5":0,"6":0,"7":1},"b":{"0":[1,1],"1":[1,1],"2":[1,1],"3":[0]}}
,"/Users/connor/aixperts/charactergen-api/src/utils/cases.ts": {"path":"/Users/connor/aixperts/charactergen-api/src/utils/cases.ts","statementMap":{"0":{"start":{"line":1,"column":25},"end":{"line":5,"column":18}},"1":{"start":{"line":2,"column":2},"end":{"line":5,"column":18}},"2":{"start":{"line":1,"column":13},"end":{"line":1,"column":25}},"3":{"start":{"line":7,"column":19},"end":{"line":8,"column":63}},"4":{"start":{"line":8,"column":2},"end":{"line":8,"column":63}},"5":{"start":{"line":10,"column":26},"end":{"line":11,"column":45}},"6":{"start":{"line":11,"column":2},"end":{"line":11,"column":45}},"7":{"start":{"line":10,"column":13},"end":{"line":10,"column":26}}},"fnMap":{"0":{"name":"(anonymous_0)","decl":{"start":{"line":1,"column":25},"end":{"line":1,"column":26}},"loc":{"start":{"line":2,"column":2},"end":{"line":5,"column":18}}},"1":{"name":"(anonymous_1)","decl":{"start":{"line":7,"column":19},"end":{"line":7,"column":20}},"loc":{"start":{"line":8,"column":2},"end":{"line":8,"column":63}}},"2":{"name":"(anonymous_2)","decl":{"start":{"line":10,"column":26},"end":{"line":10,"column":27}},"loc":{"start":{"line":11,"column":2},"end":{"line":11,"column":45}}}},"branchMap":{},"s":{"0":0,"1":0,"2":0,"3":0,"4":0,"5":0,"6":0,"7":0},"f":{"0":0,"1":0,"2":0},"b":{}}
,"/Users/connor/aixperts/charactergen-api/src/utils/decode.ts": {"path":"/Users/connor/aixperts/charactergen-api/src/utils/decode.ts","statementMap":{"0":{"start":{"line":2,"column":0},"end":{"line":2,"column":36}},"1":{"start":{"line":3,"column":0},"end":{"line":3,"column":50}},"2":{"start":{"line":4,"column":0},"end":{"line":4,"column":41}},"3":{"start":{"line":5,"column":0},"end":{"line":5,"column":31}},"4":{"start":{"line":7,"column":22},"end":{"line":16,"column":1}},"5":{"start":{"line":8,"column":18},"end":{"line":8,"column":39}},"6":{"start":{"line":10,"column":2},"end":{"line":15,"column":13}},"7":{"start":{"line":12,"column":6},"end":{"line":12,"column":76}},"8":{"start":{"line":14,"column":18},"end":{"line":14,"column":23}},"9":{"start":{"line":7,"column":13},"end":{"line":7,"column":22}},"10":{"start":{"line":18,"column":30},"end":{"line":33,"column":1}},"11":{"start":{"line":22,"column":18},"end":{"line":22,"column":39}},"12":{"start":{"line":24,"column":2},"end":{"line":32,"column":13}},"13":{"start":{"line":26,"column":6},"end":{"line":28,"column":8}},"14":{"start":{"line":29,"column":6},"end":{"line":29,"column":23}},"15":{"start":{"line":31,"column":18},"end":{"line":31,"column":23}},"16":{"start":{"line":18,"column":13},"end":{"line":18,"column":30}}},"fnMap":{"0":{"name":"(anonymous_0)","decl":{"start":{"line":7,"column":22},"end":{"line":7,"column":26}},"loc":{"start":{"line":7,"column":77},"end":{"line":16,"column":1}}},"1":{"name":"(anonymous_1)","decl":{"start":{"line":11,"column":4},"end":{"line":11,"column":7}},"loc":{"start":{"line":11,"column":9},"end":{"line":13,"column":5}}},"2":{"name":"(anonymous_2)","decl":{"start":{"line":14,"column":4},"end":{"line":14,"column":5}},"loc":{"start":{"line":14,"column":18},"end":{"line":14,"column":23}}},"3":{"name":"(anonymous_3)","decl":{"start":{"line":18,"column":30},"end":{"line":18,"column":null}},"loc":{"start":{"line":21,"column":19},"end":{"line":33,"column":1}}},"4":{"name":"(anonymous_4)","decl":{"start":{"line":25,"column":4},"end":{"line":25,"column":7}},"loc":{"start":{"line":25,"column":9},"end":{"line":30,"column":5}}},"5":{"name":"(anonymous_5)","decl":{"start":{"line":31,"column":4},"end":{"line":31,"column":5}},"loc":{"start":{"line":31,"column":18},"end":{"line":31,"column":23}}}},"branchMap":{},"s":{"0":1,"1":1,"2":1,"3":1,"4":1,"5":0,"6":0,"7":0,"8":0,"9":1,"10":1,"11":2,"12":2,"13":0,"14":0,"15":2,"16":1},"f":{"0":0,"1":0,"2":0,"3":2,"4":0,"5":2},"b":{}}
,"/Users/connor/aixperts/charactergen-api/src/utils/dynamoose.ts": {"path":"/Users/connor/aixperts/charactergen-api/src/utils/dynamoose.ts","statementMap":{"0":{"start":{"line":4,"column":13},"end":{"line":8,"column":2}}},"fnMap":{},"branchMap":{},"s":{"0":1},"f":{},"b":{}}
,"/Users/connor/aixperts/charactergen-api/src/utils/errors.ts": {"path":"/Users/connor/aixperts/charactergen-api/src/utils/errors.ts","statementMap":{"0":{"start":{"line":3,"column":4},"end":{"line":3,"column":19}},"1":{"start":{"line":4,"column":4},"end":{"line":4,"column":58}},"2":{"start":{"line":5,"column":4},"end":{"line":5,"column":38}},"3":{"start":{"line":6,"column":4},"end":{"line":6,"column":52}},"4":{"start":{"line":1,"column":0},"end":{"line":1,"column":13}},"5":{"start":{"line":12,"column":4},"end":{"line":12,"column":19}},"6":{"start":{"line":13,"column":4},"end":{"line":13,"column":57}},"7":{"start":{"line":14,"column":4},"end":{"line":14,"column":38}},"8":{"start":{"line":15,"column":4},"end":{"line":15,"column":52}},"9":{"start":{"line":10,"column":0},"end":{"line":10,"column":13}}},"fnMap":{"0":{"name":"(anonymous_0)","decl":{"start":{"line":2,"column":2},"end":{"line":2,"column":14}},"loc":{"start":{"line":2,"column":29},"end":{"line":7,"column":3}}},"1":{"name":"(anonymous_1)","decl":{"start":{"line":11,"column":2},"end":{"line":11,"column":14}},"loc":{"start":{"line":11,"column":29},"end":{"line":16,"column":3}}}},"branchMap":{},"s":{"0":0,"1":0,"2":0,"3":0,"4":1,"5":0,"6":0,"7":0,"8":0,"9":1},"f":{"0":0,"1":0},"b":{}}
,"/Users/connor/aixperts/charactergen-api/src/utils/format-response.ts": {"path":"/Users/connor/aixperts/charactergen-api/src/utils/format-response.ts","statementMap":{"0":{"start":{"line":3,"column":30},"end":{"line":12,"column":1}},"1":{"start":{"line":7,"column":2},"end":{"line":11,"column":4}},"2":{"start":{"line":3,"column":13},"end":{"line":3,"column":30}}},"fnMap":{"0":{"name":"(anonymous_0)","decl":{"start":{"line":3,"column":30},"end":{"line":3,"column":null}},"loc":{"start":{"line":6,"column":27},"end":{"line":12,"column":1}}}},"branchMap":{"0":{"loc":{"start":{"line":5,"column":2},"end":{"line":5,"column":52}},"type":"default-arg","locations":[{"start":{"line":5,"column":50},"end":{"line":5,"column":52}}]}},"s":{"0":1,"1":5,"2":1},"f":{"0":5},"b":{"0":[0]}}
,"/Users/connor/aixperts/charactergen-api/src/utils/logger.ts": {"path":"/Users/connor/aixperts/charactergen-api/src/utils/logger.ts","statementMap":{"0":{"start":{"line":1,"column":0},"end":{"line":1,"column":55}},"1":{"start":{"line":3,"column":13},"end":{"line":5,"column":3}}},"fnMap":{},"branchMap":{},"s":{"0":1,"1":1},"f":{},"b":{}}
,"/Users/connor/aixperts/charactergen-api/src/utils/narrow-or-throw.ts": {"path":"/Users/connor/aixperts/charactergen-api/src/utils/narrow-or-throw.ts","statementMap":{"0":{"start":{"line":1,"column":29},"end":{"line":10,"column":1}},"1":{"start":{"line":5,"column":2},"end":{"line":7,"column":null}},"2":{"start":{"line":6,"column":4},"end":{"line":6,"column":29}},"3":{"start":{"line":9,"column":2},"end":{"line":9,"column":17}},"4":{"start":{"line":1,"column":13},"end":{"line":1,"column":29}}},"fnMap":{"0":{"name":"(anonymous_0)","decl":{"start":{"line":1,"column":29},"end":{"line":1,"column":null}},"loc":{"start":{"line":4,"column":7},"end":{"line":10,"column":1}}}},"branchMap":{"0":{"loc":{"start":{"line":5,"column":2},"end":{"line":7,"column":null}},"type":"if","locations":[{"start":{"line":5,"column":2},"end":{"line":7,"column":null}}]},"1":{"loc":{"start":{"line":5,"column":6},"end":{"line":5,"column":47}},"type":"binary-expr","locations":[{"start":{"line":5,"column":6},"end":{"line":5,"column":22}},{"start":{"line":5,"column":26},"end":{"line":5,"column":47}}]}},"s":{"0":1,"1":17,"2":0,"3":17,"4":1},"f":{"0":17},"b":{"0":[0],"1":[17,17]}}
}
