TN:
SF:cdk/charactergen-api-stack.ts
FN:14,(anonymous_0)
FNF:1
FNH:0
FNDA:0,(anonymous_0)
DA:1,0
DA:2,0
DA:8,0
DA:9,0
DA:11,0
DA:13,0
DA:15,0
DA:17,0
DA:34,0
DA:38,0
DA:50,0
DA:51,0
DA:53,0
DA:65,0
DA:67,0
DA:69,0
DA:74,0
DA:76,0
DA:77,0
DA:80,0
DA:83,0
LF:21
LH:0
BRF:0
BRH:0
end_of_record
TN:
SF:cdk/charactergen-api.ts
FNF:0
FNH:0
DA:2,0
DA:3,0
DA:5,0
DA:7,0
LF:4
LH:0
BRF:0
BRH:0
end_of_record
TN:
SF:cdk/constructs/api-lambda.ts
FN:26,(anonymous_0)
FN:51,(anonymous_1)
FNF:2
FNH:0
FNDA:0,(anonymous_0)
FNDA:0,(anonymous_1)
DA:1,0
DA:2,0
DA:3,0
DA:5,0
DA:6,0
DA:7,0
DA:8,0
DA:9,0
DA:11,0
DA:23,0
DA:27,0
DA:29,0
DA:48,0
DA:52,0
DA:53,0
DA:55,0
DA:56,0
LF:17
LH:0
BRDA:60,0,0,0
BRDA:60,0,1,0
BRDA:63,1,0,0
BRDA:63,1,1,0
BRF:4
BRH:0
end_of_record
TN:
SF:cdk/services/policy-service.ts
FN:12,(anonymous_0)
FN:16,(anonymous_1)
FN:24,(anonymous_2)
FN:33,(anonymous_3)
FN:42,(anonymous_4)
FN:56,(anonymous_5)
FN:68,(anonymous_6)
FNF:7
FNH:0
FNDA:0,(anonymous_0)
FNDA:0,(anonymous_1)
FNDA:0,(anonymous_2)
FNDA:0,(anonymous_3)
FNDA:0,(anonymous_4)
FNDA:0,(anonymous_5)
FNDA:0,(anonymous_6)
DA:1,0
DA:3,0
DA:4,0
DA:11,0
DA:13,0
DA:17,0
DA:25,0
DA:34,0
DA:43,0
DA:60,0
DA:72,0
LF:11
LH:0
BRDA:58,0,0,0
BRDA:70,1,0,0
BRF:2
BRH:0
end_of_record
TN:
SF:src/chats-handler.ts
FN:9,(anonymous_0)
FN:11,(anonymous_1)
FNF:2
FNH:0
FNDA:0,(anonymous_0)
FNDA:0,(anonymous_1)
DA:5,0
DA:6,0
DA:8,0
DA:9,0
DA:14,0
DA:17,0
DA:21,0
DA:23,0
LF:8
LH:0
BRDA:9,0,0,0
BRF:1
BRH:0
end_of_record
TN:
SF:src/controllers/chats-controller.ts
FN:11,(anonymous_0)
FN:13,(anonymous_1)
FNF:2
FNH:2
FNDA:1,(anonymous_0)
FNDA:1,(anonymous_1)
DA:5,1
DA:6,1
DA:7,1
DA:8,1
DA:10,1
DA:11,1
DA:16,1
DA:17,1
DA:20,1
DA:22,0
DA:23,0
DA:25,0
LF:12
LH:9
BRDA:11,0,0,0
BRDA:22,1,0,0
BRF:2
BRH:0
end_of_record
TN:
SF:src/data/chat-store.ts
FN:16,(anonymous_0)
FN:24,(anonymous_1)
FNF:2
FNH:2
FNDA:1,(anonymous_0)
FNDA:1,(anonymous_1)
DA:1,1
DA:2,1
DA:4,1
DA:5,1
DA:6,1
DA:7,1
DA:9,1
DA:11,1
DA:17,1
DA:25,1
DA:26,1
DA:34,0
DA:35,0
DA:37,0
LF:14
LH:11
BRDA:34,0,0,0
BRF:1
BRH:0
end_of_record
TN:
SF:src/data/dynamoose/chat.ts
FNF:0
FNH:0
DA:1,1
DA:2,1
DA:4,1
DA:10,1
DA:19,1
DA:28,1
DA:64,1
LF:7
LH:7
BRF:0
BRH:0
end_of_record
TN:
SF:src/services/chat-service.ts
FN:5,(anonymous_0)
FN:7,(anonymous_1)
FNF:2
FNH:2
FNDA:1,(anonymous_0)
FNDA:1,(anonymous_1)
DA:1,1
DA:4,1
DA:5,1
DA:8,1
LF:4
LH:4
BRDA:5,0,0,1
BRF:1
BRH:1
end_of_record
TN:
SF:src/utils/api-errors.ts
FN:4,(anonymous_0)
FN:10,(anonymous_1)
FN:16,(anonymous_2)
FN:24,(anonymous_3)
FN:30,(anonymous_4)
FN:38,(anonymous_5)
FN:44,(anonymous_6)
FNF:7
FNH:3
FNDA:1,(anonymous_0)
FNDA:1,(anonymous_1)
FNDA:1,(anonymous_2)
FNDA:0,(anonymous_3)
FNDA:0,(anonymous_4)
FNDA:0,(anonymous_5)
FNDA:0,(anonymous_6)
DA:2,1
DA:4,1
DA:5,1
DA:6,1
DA:7,1
DA:10,1
DA:11,1
DA:12,1
DA:13,1
DA:16,1
DA:17,1
DA:18,1
DA:20,1
DA:21,1
DA:22,1
DA:24,1
DA:25,0
DA:30,1
DA:33,0
DA:38,1
DA:39,0
DA:44,1
DA:45,0
LF:23
LH:19
BRDA:4,0,0,1
BRDA:4,0,1,1
BRDA:10,1,0,1
BRDA:10,1,1,1
BRDA:16,2,0,1
BRDA:16,2,1,1
BRDA:31,3,0,0
BRF:7
BRH:6
end_of_record
TN:
SF:src/utils/cases.ts
FN:1,(anonymous_0)
FN:7,(anonymous_1)
FN:10,(anonymous_2)
FNF:3
FNH:0
FNDA:0,(anonymous_0)
FNDA:0,(anonymous_1)
FNDA:0,(anonymous_2)
DA:1,0
DA:2,0
DA:7,0
DA:8,0
DA:10,0
DA:11,0
LF:6
LH:0
BRF:0
BRH:0
end_of_record
TN:
SF:src/utils/dynamoose.ts
FNF:0
FNH:0
DA:4,1
LF:1
LH:1
BRF:0
BRH:0
end_of_record
TN:
SF:src/utils/errors.ts
FN:2,(anonymous_0)
FNF:1
FNH:0
FNDA:0,(anonymous_0)
DA:1,1
DA:3,0
DA:4,0
DA:5,0
DA:6,0
LF:5
LH:1
BRF:0
BRH:0
end_of_record
TN:
SF:src/utils/format-response.ts
FN:3,(anonymous_0)
FNF:1
FNH:1
FNDA:1,(anonymous_0)
DA:3,1
DA:7,1
LF:2
LH:2
BRDA:5,0,0,0
BRF:1
BRH:0
end_of_record
TN:
SF:src/utils/logger.ts
FNF:0
FNH:0
DA:1,1
DA:3,1
LF:2
LH:2
BRF:0
BRH:0
end_of_record
TN:
SF:src/utils/narrow-or-throw.ts
FN:1,(anonymous_0)
FNF:1
FNH:1
FNDA:3,(anonymous_0)
DA:1,1
DA:5,3
DA:6,0
DA:9,3
LF:4
LH:3
BRDA:5,0,0,0
BRDA:5,1,0,3
BRDA:5,1,1,3
BRF:3
BRH:2
end_of_record
